Build started 14.12.2016 23:28:23.
     1>Project "F:\Work\VSProjects\cIRC\cIRC\cIRC.vcxproj" on node 2 (build target(s)).
     1>InitializeBuildStatus:
         Creating "x64\Debug\cIRC.unsuccessfulbuild" because "AlwaysCreate" was specified.
       ClCompile:
         F:\Work\VS10\VC\bin\x86_amd64\CL.exe /c /Zi /nologo /W3 /WX- /MP /Od /D _MBCS /Gm /EHsc /RTC1 /MDd /GS /fp:precise /Zc:wchar_t /Zc:forScope /Fo"x64\Debug\\" /Fd"x64\Debug\vc100.pdb" /Gd /TP /errorReport:prompt main.cpp
         main.cpp
     1>main.cpp(44): warning C4267: '+=' : conversion from 'size_t' to 'int', possible loss of data
       Link:
         F:\Work\VS10\VC\bin\x86_amd64\link.exe /ERRORREPORT:PROMPT /OUT:"F:\Work\VSProjects\cIRC\x64\Debug\cIRC.exe" /NOLOGO Ws2_32.lib ComCtl32.lib kernel32.lib user32.lib gdi32.lib winspool.lib comdlg32.lib advapi32.lib shell32.lib ole32.lib oleaut32.lib uuid.lib odbc32.lib odbccp32.lib kernel32.lib user32.lib gdi32.lib winspool.lib comdlg32.lib advapi32.lib shell32.lib ole32.lib oleaut32.lib uuid.lib odbc32.lib odbccp32.lib /MANIFEST /ManifestFile:"x64\Debug\cIRC.exe.intermediate.manifest" /MANIFESTUAC:"level='asInvoker' uiAccess='false'" /DEBUG /PDB:"F:\Work\VSProjects\cIRC\x64\Debug\cIRC.pdb" /TLBID:1 /DYNAMICBASE /NXCOMPAT /IMPLIB:"F:\Work\VSProjects\cIRC\x64\Debug\cIRC.lib" /MACHINE:X64 x64\Debug\irc.obj
         x64\Debug\main.obj
         x64\Debug\ui.obj
         LINK : F:\Work\VSProjects\cIRC\x64\Debug\cIRC.exe not found or not built by the last incremental link; performing full link
         cIRC.vcxproj -> F:\Work\VSProjects\cIRC\x64\Debug\cIRC.exe
       Manifest:
         C:\Program Files (x86)\Microsoft SDKs\Windows\v7.0A\bin\mt.exe /nologo /verbose /outputresource:"F:\Work\VSProjects\cIRC\x64\Debug\cIRC.exe;#1" /manifest x64\Debug\cIRC.exe.intermediate.manifest
       FinalizeBuildStatus:
         Deleting file "x64\Debug\cIRC.unsuccessfulbuild".
         Touching "x64\Debug\cIRC.lastbuildstate".
     1>Done Building Project "F:\Work\VSProjects\cIRC\cIRC\cIRC.vcxproj" (build target(s)).

Build succeeded.

Time Elapsed 00:00:00.54
